#
# A fatal error has been detected by the Java Runtime Environment:
#
#  EXCEPTION_ACCESS_VIOLATION (0xc0000005) at pc=0x00007fff79686639, pid=15112, tid=29136
#
# JRE version: OpenJDK Runtime Environment (11.0.2+9) (build 11.0.2+9)
# Java VM: OpenJDK 64-Bit Server VM (11.0.2+9, mixed mode, tiered, compressed oops, g1 gc, windows-amd64)
# Problematic frame:
# V  [jvm.dll+0x6c6639]
#
# No core dump will be written. Minidumps are not enabled by default on client versions of Windows
#
# If you would like to submit a bug report, please visit:
#   http://bugreport.java.com/bugreport/crash.jsp
#

---------------  S U M M A R Y ------------

Command Line: -agentlib:jdwp=transport=dt_socket,suspend=y,address=localhost:59195 -Dcom.sun.management.jmxremote -Dcom.sun.management.jmxremote.port=59193 -Dcom.sun.management.jmxremote.authenticate=false -Dcom.sun.management.jmxremote.ssl=false -Djava.rmi.server.hostname=localhost -Dspring.application.admin.enabled=true -Xverify:none -XX:TieredStopAtLevel=1 -Dfile.encoding=UTF-8 kr.co.igns.IgnsApplication --spring.profiles.active=dev --spring.output.ansi.enabled=always

Host: 12th Gen Intel(R) Core(TM) i7-1260P, 16 cores, 31G,  Windows 10 , 64 bit Build 22621 (10.0.22621.3527)
Time: Tue May 21 10:51:30 2024 ´ëÇŃąÎ±ą ÇĄÁŘ˝Ă elapsed time: 0 seconds (0d 0h 0m 0s)

---------------  T H R E A D  ---------------

Current thread (0x0000020d9b87d800):  WatcherThread [stack: 0x000000900a900000,0x000000900aa00000] [id=29136]

Stack: [0x000000900a900000,0x000000900aa00000],  sp=0x000000900a9ff820,  free space=1022k
Native frames: (J=compiled Java code, j=interpreted, Vv=VM code, C=native code)
V  [jvm.dll+0x6c6639]
V  [jvm.dll+0x711f7d]
V  [jvm.dll+0x737939]
V  [jvm.dll+0x633942]
C  [ucrtbase.dll+0x29333]
C  [KERNEL32.DLL+0x1257d]
C  [ntdll.dll+0x5aa48]


siginfo: EXCEPTION_ACCESS_VIOLATION (0xc0000005), reading address 0x0000000c0000000b


Register to memory mapping:

RIP=0x00007fff79686639 jvm.dll
RAX=0x0000020d9b862a00 points into unknown readable memory: 0b 00 00 00 0c 00 00 00
RBX=0x0 is NULL
RCX=0x0000000c0000000b is an unknown value
RDX=0x0000000000000039 is an unknown value
RSP=0x000000900a9ff820 points into unknown readable memory: 00 d8 87 9b 0d 02 00 00
RBP=0x0000000000000002 is an unknown value
RSI=0x0000020d9b862b30 points into unknown readable memory: b0 12 85 9b 0d 02 00 00
RDI=0x0 is NULL
R8 =0x0 is NULL
R9 =0x0000020d80000b80 is at begin+0 in a stub
StubRoutines::atomic_cmpxchg_long [0x0000020d80000b80, 0x0000020d80000b89[ (9 bytes)
R10=0x00000000546c6148 is an unknown value
R11=0xfffffffffc6520bd is an unknown value
R12=0x0 is NULL
R13=0x0000020d9b87d800 points into unknown readable memory: c8 67 89 79 ff 7f 00 00
R14=0x0000000000000039 is an unknown value
R15=0x0000020d9ba368c0 points into unknown readable memory: 00 00 00 00 00 00 00 00


Registers:
RAX=0x0000020d9b862a00, RBX=0x0000000000000000, RCX=0x0000000c0000000b, RDX=0x0000000000000039
RSP=0x000000900a9ff820, RBP=0x0000000000000002, RSI=0x0000020d9b862b30, RDI=0x0000000000000000
R8 =0x0000000000000000, R9 =0x0000020d80000b80, R10=0x00000000546c6148, R11=0xfffffffffc6520bd
R12=0x0000000000000000, R13=0x0000020d9b87d800, R14=0x0000000000000039, R15=0x0000020d9ba368c0
RIP=0x00007fff79686639, EFLAGS=0x0000000000010202

Top of Stack: (sp=0x000000900a9ff820)
0x000000900a9ff820:   0000020d9b87d800 0000020d9b87d800
0x000000900a9ff830:   0001e834e3444fd8 00007fff795c75a9
0x000000900a9ff840:   00007fff79a314d8 00007fff796d1f7d
0x000000900a9ff850:   0000000000000001 0000020deba8cf40
0x000000900a9ff860:   0000020deba8cf40 431bde82d7b634db
0x000000900a9ff870:   0000020d9ba368c0 0001e834e3444fd8
0x000000900a9ff880:   0000020deba8cf40 00007fff796f7939
0x000000900a9ff890:   0000000000000001 0000000000000039
0x000000900a9ff8a0:   0000000000000032 0000000000000002
0x000000900a9ff8b0:   0000000000000000 0000000000000000
0x000000900a9ff8c0:   0000000000000000 0000000000000000
0x000000900a9ff8d0:   0000000000000000 0000000000000000
0x000000900a9ff8e0:   0000000000000000 0000000000000000
0x000000900a9ff8f0:   0000000000000000 0000000000000000
0x000000900a9ff900:   0000000000000000 000000900a9ffa40
0x000000900a9ff910:   0000020d9b87d800 00007fff795f3942 

Instructions: (pc=0x00007fff79686639)
0x00007fff79686619:   20 48 8b 35 87 5d 3a 00 33 db 48 8b 06 39 18 7e
0x00007fff79686629:   27 48 89 7c 24 30 8b fb 48 8b 40 18 48 8b 0c 07
0x00007fff79686639:   48 8b 01 ff 50 08 48 8b 06 48 8d 7f 08 ff c3 3b
0x00007fff79686649:   18 7c e5 48 8b 7c 24 30 48 8b 5c 24 38 48 83 c4 


Stack slot to memory mapping:
stack at sp + 0 slots: 0x0000020d9b87d800 points into unknown readable memory: c8 67 89 79 ff 7f 00 00
stack at sp + 1 slots: 0x0000020d9b87d800 points into unknown readable memory: c8 67 89 79 ff 7f 00 00
stack at sp + 2 slots: 0x0001e834e3444fd8 is an unknown value
stack at sp + 3 slots: 0x00007fff795c75a9 jvm.dll
stack at sp + 4 slots: 0x00007fff79a314d8 jvm.dll
stack at sp + 5 slots: 0x00007fff796d1f7d jvm.dll
stack at sp + 6 slots: 0x0000000000000001 is an unknown value
stack at sp + 7 slots: 0x0000020deba8cf40 points into unknown readable memory: 01 00 00 00 00 00 00 00


---------------  P R O C E S S  ---------------

Threads class SMR info:
_java_thread_list=0x0000020d9b851490, length=18, elements={
0x0000020deba90800, 0x0000020d9a5d6800, 0x0000020d9a603000, 0x0000020d9a668800,
0x0000020d9a669800, 0x0000020d9a66e000, 0x0000020d9a679000, 0x0000020d9a848800,
0x0000020d9a835800, 0x0000020d9a836800, 0x0000020d9a837800, 0x0000020d9a98a000,
0x0000020d9a98b000, 0x0000020d9a98c000, 0x0000020d9a999000, 0x0000020d9b87f000,
0x0000020d9b865800, 0x0000020d9b8a2000
}

Java Threads: ( => current thread )
  0x0000020deba90800 JavaThread "main" [_thread_in_native, id=30728, stack(0x0000009008600000,0x0000009008700000)]
  0x0000020d9a5d6800 JavaThread "Reference Handler" daemon [_thread_blocked, id=26076, stack(0x0000009008d00000,0x0000009008e00000)]
  0x0000020d9a603000 JavaThread "Finalizer" daemon [_thread_blocked, id=10956, stack(0x0000009008e00000,0x0000009008f00000)]
  0x0000020d9a668800 JavaThread "Signal Dispatcher" daemon [_thread_blocked, id=25952, stack(0x0000009008f00000,0x0000009009000000)]
  0x0000020d9a669800 JavaThread "Attach Listener" daemon [_thread_blocked, id=23164, stack(0x0000009009000000,0x0000009009100000)]
  0x0000020d9a66e000 JavaThread "C1 CompilerThread0" daemon [_thread_blocked, id=29096, stack(0x0000009009100000,0x0000009009200000)]
  0x0000020d9a679000 JavaThread "Sweeper thread" daemon [_thread_blocked, id=23284, stack(0x0000009009200000,0x0000009009300000)]
  0x0000020d9a848800 JavaThread "Common-Cleaner" daemon [_thread_blocked, id=17732, stack(0x0000009009300000,0x0000009009400000)]
  0x0000020d9a835800 JavaThread "C1 CompilerThread1" daemon [_thread_blocked, id=22740, stack(0x0000009009400000,0x0000009009500000)]
  0x0000020d9a836800 JavaThread "C1 CompilerThread2" daemon [_thread_blocked, id=24236, stack(0x0000009009500000,0x0000009009600000)]
  0x0000020d9a837800 JavaThread "C1 CompilerThread3" daemon [_thread_blocked, id=14060, stack(0x0000009009600000,0x0000009009700000)]
  0x0000020d9a98a000 JavaThread "JDWP Transport Listener: dt_socket" daemon [_thread_blocked, id=31808, stack(0x0000009009700000,0x0000009009800000)]
  0x0000020d9a98b000 JavaThread "JDWP Event Helper Thread" daemon [_thread_blocked, id=30288, stack(0x0000009009800000,0x0000009009900000)]
  0x0000020d9a98c000 JavaThread "JDWP Command Reader" daemon [_thread_in_native, id=26240, stack(0x0000009009900000,0x0000009009a00000)]
  0x0000020d9a999000 JavaThread "Service Thread" daemon [_thread_blocked, id=9096, stack(0x0000009009a00000,0x0000009009b00000)]
  0x0000020d9b87f000 JavaThread "RMI TCP Accept-0" daemon [_thread_in_native, id=24664, stack(0x000000900a600000,0x000000900a700000)]
  0x0000020d9b865800 JavaThread "RMI TCP Accept-59193" daemon [_thread_in_native, id=27132, stack(0x000000900a700000,0x000000900a800000)]
  0x0000020d9b8a2000 JavaThread "RMI TCP Accept-0" daemon [_thread_in_native, id=18108, stack(0x000000900a800000,0x000000900a900000)]

Other Threads:
  0x0000020d9a5d2800 VMThread "VM Thread" [stack: 0x0000009008c00000,0x0000009008d00000] [id=16256]
=>0x0000020d9b87d800 WatcherThread [stack: 0x000000900a900000,0x000000900aa00000] [id=29136]
  0x0000020debaa8800 GCTaskThread "GC Thread#0" [stack: 0x0000009008700000,0x0000009008800000] [id=16412]
  0x0000020d9b12e000 GCTaskThread "GC Thread#1" [stack: 0x0000009009b00000,0x0000009009c00000] [id=31332]
  0x0000020d9b7d1000 GCTaskThread "GC Thread#2" [stack: 0x0000009009c00000,0x0000009009d00000] [id=26752]
  0x0000020d9b7d4000 GCTaskThread "GC Thread#3" [stack: 0x0000009009d00000,0x0000009009e00000] [id=22100]
  0x0000020d9b7d4800 GCTaskThread "GC Thread#4" [stack: 0x0000009009e00000,0x0000009009f00000] [id=8228]
  0x0000020d9b7d5000 GCTaskThread "GC Thread#5" [stack: 0x0000009009f00000,0x000000900a000000] [id=30480]
  0x0000020d9b7d8000 GCTaskThread "GC Thread#6" [stack: 0x000000900a000000,0x000000900a100000] [id=30128]
  0x0000020d9b7da000 GCTaskThread "GC Thread#7" [stack: 0x000000900a100000,0x000000900a200000] [id=18820]
  0x0000020d9b7dd000 GCTaskThread "GC Thread#8" [stack: 0x000000900a200000,0x000000900a300000] [id=23396]
  0x0000020d9b7df000 GCTaskThread "GC Thread#9" [stack: 0x000000900a300000,0x000000900a400000] [id=23580]
  0x0000020d9b7dd800 GCTaskThread "GC Thread#10" [stack: 0x000000900a400000,0x000000900a500000] [id=21476]
  0x0000020d9b7db800 GCTaskThread "GC Thread#11" [stack: 0x000000900a500000,0x000000900a600000] [id=25332]
  0x0000020debb2c000 ConcurrentGCThread "G1 Main Marker" [stack: 0x0000009008800000,0x0000009008900000] [id=20592]
  0x0000020debb2d000 ConcurrentGCThread "G1 Conc#0" [stack: 0x0000009008900000,0x0000009008a00000] [id=28252]
  0x0000020d995dc800 ConcurrentGCThread "G1 Refine#0" [stack: 0x0000009008a00000,0x0000009008b00000] [id=17904]
  0x0000020d995dd800 ConcurrentGCThread "G1 Young RemSet Sampling" [stack: 0x0000009008b00000,0x0000009008c00000] [id=24012]

Threads with active compile tasks:

VM state:not at safepoint (normal execution)

VM Mutex/Monitor currently owned by a thread:  ([mutex/lock_event])
[0x0000020deba8cf40] PeriodicTask_lock - owner thread: 0x0000020d9b87d800

Heap address: 0x0000000604e00000, size: 8114 MB, Compressed Oops mode: Zero based, Oop shift amount: 3
Narrow klass base: 0x0000000800000000, Narrow klass shift: 0
Compressed class space size: 1073741824 Address: 0x0000000800000000

Heap:
 garbage-first heap   total 520192K, used 30205K [0x0000000604e00000, 0x0000000800000000)
  region size 2048K, 11 young (22528K), 2 survivors (4096K)
 Metaspace       used 13233K, capacity 13611K, committed 13824K, reserved 1060864K
  class space    used 1402K, capacity 1513K, committed 1536K, reserved 1048576K
Heap Regions: E=young(eden), S=young(survivor), O=old, HS=humongous(starts), HC=humongous(continues), CS=collection set, F=free, A=archive, TAMS=top-at-mark-start (previous, next)
|   0|0x0000000604e00000, 0x0000000605000000, 0x0000000605000000|100%| O|  |TAMS 0x0000000604e00000, 0x0000000604e00000| Untracked 
|   1|0x0000000605000000, 0x0000000605200000, 0x0000000605200000|100%| O|  |TAMS 0x0000000605000000, 0x0000000605000000| Untracked 
|   2|0x0000000605200000, 0x0000000605400000, 0x0000000605400000|100%| O|  |TAMS 0x0000000605200000, 0x0000000605200000| Untracked 
|   3|0x0000000605400000, 0x0000000605600000, 0x0000000605600000|100%| O|  |TAMS 0x0000000605400000, 0x0000000605400000| Untracked 
|   4|0x0000000605600000, 0x000000060577f400, 0x0000000605800000| 74%| O|  |TAMS 0x0000000605600000, 0x0000000605600000| Untracked 
|   5|0x0000000605800000, 0x0000000605800000, 0x0000000605a00000|  0%| F|  |TAMS 0x0000000605800000, 0x0000000605800000| Untracked 
|   6|0x0000000605a00000, 0x0000000605a00000, 0x0000000605c00000|  0%| F|  |TAMS 0x0000000605a00000, 0x0000000605a00000| Untracked 
|   7|0x0000000605c00000, 0x0000000605c00000, 0x0000000605e00000|  0%| F|  |TAMS 0x0000000605c00000, 0x0000000605c00000| Untracked 
|   8|0x0000000605e00000, 0x0000000605e00000, 0x0000000606000000|  0%| F|  |TAMS 0x0000000605e00000, 0x0000000605e00000| Untracked 
|   9|0x0000000606000000, 0x0000000606000000, 0x0000000606200000|  0%| F|  |TAMS 0x0000000606000000, 0x0000000606000000| Untracked 
|  10|0x0000000606200000, 0x0000000606200000, 0x0000000606400000|  0%| F|  |TAMS 0x0000000606200000, 0x0000000606200000| Untracked 
|  11|0x0000000606400000, 0x0000000606400000, 0x0000000606600000|  0%| F|  |TAMS 0x0000000606400000, 0x0000000606400000| Untracked 
|  12|0x0000000606600000, 0x0000000606600000, 0x0000000606800000|  0%| F|  |TAMS 0x0000000606600000, 0x0000000606600000| Untracked 
|  13|0x0000000606800000, 0x0000000606800000, 0x0000000606a00000|  0%| F|  |TAMS 0x0000000606800000, 0x0000000606800000| Untracked 
|  14|0x0000000606a00000, 0x0000000606a00000, 0x0000000606c00000|  0%| F|  |TAMS 0x0000000606a00000, 0x0000000606a00000| Untracked 
|  15|0x0000000606c00000, 0x0000000606c00000, 0x0000000606e00000|  0%| F|  |TAMS 0x0000000606c00000, 0x0000000606c00000| Untracked 
|  16|0x0000000606e00000, 0x0000000606e00000, 0x0000000607000000|  0%| F|  |TAMS 0x0000000606e00000, 0x0000000606e00000| Untracked 
|  17|0x0000000607000000, 0x0000000607000000, 0x0000000607200000|  0%| F|  |TAMS 0x0000000607000000, 0x0000000607000000| Untracked 
|  18|0x0000000607200000, 0x0000000607200000, 0x0000000607400000|  0%| F|  |TAMS 0x0000000607200000, 0x0000000607200000| Untracked 
|  19|0x0000000607400000, 0x0000000607400000, 0x0000000607600000|  0%| F|  |TAMS 0x0000000607400000, 0x0000000607400000| Untracked 
|  20|0x0000000607600000, 0x0000000607600000, 0x0000000607800000|  0%| F|  |TAMS 0x0000000607600000, 0x0000000607600000| Untracked 
|  21|0x0000000607800000, 0x0000000607800000, 0x0000000607a00000|  0%| F|  |TAMS 0x0000000607800000, 0x0000000607800000| Untracked 
|  22|0x0000000607a00000, 0x0000000607a00000, 0x0000000607c00000|  0%| F|  |TAMS 0x0000000607a00000, 0x0000000607a00000| Untracked 
|  23|0x0000000607c00000, 0x0000000607c00000, 0x0000000607e00000|  0%| F|  |TAMS 0x0000000607c00000, 0x0000000607c00000| Untracked 
|  24|0x0000000607e00000, 0x0000000607e00000, 0x0000000608000000|  0%| F|  |TAMS 0x0000000607e00000, 0x0000000607e00000| Untracked 
|  25|0x0000000608000000, 0x0000000608000000, 0x0000000608200000|  0%| F|  |TAMS 0x0000000608000000, 0x0000000608000000| Untracked 
|  26|0x0000000608200000, 0x0000000608200000, 0x0000000608400000|  0%| F|  |TAMS 0x0000000608200000, 0x0000000608200000| Untracked 
|  27|0x0000000608400000, 0x0000000608400000, 0x0000000608600000|  0%| F|  |TAMS 0x0000000608400000, 0x0000000608400000| Untracked 
|  28|0x0000000608600000, 0x0000000608600000, 0x0000000608800000|  0%| F|  |TAMS 0x0000000608600000, 0x0000000608600000| Untracked 
|  29|0x0000000608800000, 0x0000000608800000, 0x0000000608a00000|  0%| F|  |TAMS 0x0000000608800000, 0x0000000608800000| Untracked 
|  30|0x0000000608a00000, 0x0000000608a00000, 0x0000000608c00000|  0%| F|  |TAMS 0x0000000608a00000, 0x0000000608a00000| Untracked 
|  31|0x0000000608c00000, 0x0000000608c00000, 0x0000000608e00000|  0%| F|  |TAMS 0x0000000608c00000, 0x0000000608c00000| Untracked 
|  32|0x0000000608e00000, 0x0000000608e00000, 0x0000000609000000|  0%| F|  |TAMS 0x0000000608e00000, 0x0000000608e00000| Untracked 
|  33|0x0000000609000000, 0x0000000609000000, 0x0000000609200000|  0%| F|  |TAMS 0x0000000609000000, 0x0000000609000000| Untracked 
|  34|0x0000000609200000, 0x0000000609200000, 0x0000000609400000|  0%| F|  |TAMS 0x0000000609200000, 0x0000000609200000| Untracked 
|  35|0x0000000609400000, 0x0000000609400000, 0x0000000609600000|  0%| F|  |TAMS 0x0000000609400000, 0x0000000609400000| Untracked 
|  36|0x0000000609600000, 0x0000000609600000, 0x0000000609800000|  0%| F|  |TAMS 0x0000000609600000, 0x0000000609600000| Untracked 
|  37|0x0000000609800000, 0x0000000609800000, 0x0000000609a00000|  0%| F|  |TAMS 0x0000000609800000, 0x0000000609800000| Untracked 
|  38|0x0000000609a00000, 0x0000000609a00000, 0x0000000609c00000|  0%| F|  |TAMS 0x0000000609a00000, 0x0000000609a00000| Untracked 
|  39|0x0000000609c00000, 0x0000000609c00000, 0x0000000609e00000|  0%| F|  |TAMS 0x0000000609c00000, 0x0000000609c00000| Untracked 
|  40|0x0000000609e00000, 0x0000000609e00000, 0x000000060a000000|  0%| F|  |TAMS 0x0000000609e00000, 0x0000000609e00000| Untracked 
|  41|0x000000060a000000, 0x000000060a000000, 0x000000060a200000|  0%| F|  |TAMS 0x000000060a000000, 0x000000060a000000| Untracked 
|  42|0x000000060a200000, 0x000000060a200000, 0x000000060a400000|  0%| F|  |TAMS 0x000000060a200000, 0x000000060a200000| Untracked 
|  43|0x000000060a400000, 0x000000060a400000, 0x000000060a600000|  0%| F|  |TAMS 0x000000060a400000, 0x000000060a400000| Untracked 
|  44|0x000000060a600000, 0x000000060a600000, 0x000000060a800000|  0%| F|  |TAMS 0x000000060a600000, 0x000000060a600000| Untracked 
|  45|0x000000060a800000, 0x000000060a800000, 0x000000060aa00000|  0%| F|  |TAMS 0x000000060a800000, 0x000000060a800000| Untracked 
|  46|0x000000060aa00000, 0x000000060aa00000, 0x000000060ac00000|  0%| F|  |TAMS 0x000000060aa00000, 0x000000060aa00000| Untracked 
|  47|0x000000060ac00000, 0x000000060ac00000, 0x000000060ae00000|  0%| F|  |TAMS 0x000000060ac00000, 0x000000060ac00000| Untracked 
|  48|0x000000060ae00000, 0x000000060ae00000, 0x000000060b000000|  0%| F|  |TAMS 0x000000060ae00000, 0x000000060ae00000| Untracked 
|  49|0x000000060b000000, 0x000000060b000000, 0x000000060b200000|  0%| F|  |TAMS 0x000000060b000000, 0x000000060b000000| Untracked 
|  50|0x000000060b200000, 0x000000060b200000, 0x000000060b400000|  0%| F|  |TAMS 0x000000060b200000, 0x000000060b200000| Untracked 
|  51|0x000000060b400000, 0x000000060b400000, 0x000000060b600000|  0%| F|  |TAMS 0x000000060b400000, 0x000000060b400000| Untracked 
|  52|0x000000060b600000, 0x000000060b600000, 0x000000060b800000|  0%| F|  |TAMS 0x000000060b600000, 0x000000060b600000| Untracked 
|  53|0x000000060b800000, 0x000000060b800000, 0x000000060ba00000|  0%| F|  |TAMS 0x000000060b800000, 0x000000060b800000| Untracked 
|  54|0x000000060ba00000, 0x000000060ba00000, 0x000000060bc00000|  0%| F|  |TAMS 0x000000060ba00000, 0x000000060ba00000| Untracked 
|  55|0x000000060bc00000, 0x000000060bc00000, 0x000000060be00000|  0%| F|  |TAMS 0x000000060bc00000, 0x000000060bc00000| Untracked 
|  56|0x000000060be00000, 0x000000060be00000, 0x000000060c000000|  0%| F|  |TAMS 0x000000060be00000, 0x000000060be00000| Untracked 
|  57|0x000000060c000000, 0x000000060c000000, 0x000000060c200000|  0%| F|  |TAMS 0x000000060c000000, 0x000000060c000000| Untracked 
|  58|0x000000060c200000, 0x000000060c200000, 0x000000060c400000|  0%| F|  |TAMS 0x000000060c200000, 0x000000060c200000| Untracked 
|  59|0x000000060c400000, 0x000000060c400000, 0x000000060c600000|  0%| F|  |TAMS 0x000000060c400000, 0x000000060c400000| Untracked 
|  60|0x000000060c600000, 0x000000060c600000, 0x000000060c800000|  0%| F|  |TAMS 0x000000060c600000, 0x000000060c600000| Untracked 
|  61|0x000000060c800000, 0x000000060c800000, 0x000000060ca00000|  0%| F|  |TAMS 0x000000060c800000, 0x000000060c800000| Untracked 
|  62|0x000000060ca00000, 0x000000060ca00000, 0x000000060cc00000|  0%| F|  |TAMS 0x000000060ca00000, 0x000000060ca00000| Untracked 
|  63|0x000000060cc00000, 0x000000060cc00000, 0x000000060ce00000|  0%| F|  |TAMS 0x000000060cc00000, 0x000000060cc00000| Untracked 
|  64|0x000000060ce00000, 0x000000060ce00000, 0x000000060d000000|  0%| F|  |TAMS 0x000000060ce00000, 0x000000060ce00000| Untracked 
|  65|0x000000060d000000, 0x000000060d000000, 0x000000060d200000|  0%| F|  |TAMS 0x000000060d000000, 0x000000060d000000| Untracked 
|  66|0x000000060d200000, 0x000000060d200000, 0x000000060d400000|  0%| F|  |TAMS 0x000000060d200000, 0x000000060d200000| Untracked 
|  67|0x000000060d400000, 0x000000060d400000, 0x000000060d600000|  0%| F|  |TAMS 0x000000060d400000, 0x000000060d400000| Untracked 
|  68|0x000000060d600000, 0x000000060d600000, 0x000000060d800000|  0%| F|  |TAMS 0x000000060d600000, 0x000000060d600000| Untracked 
|  69|0x000000060d800000, 0x000000060d800000, 0x000000060da00000|  0%| F|  |TAMS 0x000000060d800000, 0x000000060d800000| Untracked 
|  70|0x000000060da00000, 0x000000060da00000, 0x000000060dc00000|  0%| F|  |TAMS 0x000000060da00000, 0x000000060da00000| Untracked 
|  71|0x000000060dc00000, 0x000000060dc00000, 0x000000060de00000|  0%| F|  |TAMS 0x000000060dc00000, 0x000000060dc00000| Untracked 
|  72|0x000000060de00000, 0x000000060de00000, 0x000000060e000000|  0%| F|  |TAMS 0x000000060de00000, 0x000000060de00000| Untracked 
|  73|0x000000060e000000, 0x000000060e000000, 0x000000060e200000|  0%| F|  |TAMS 0x000000060e000000, 0x000000060e000000| Untracked 
|  74|0x000000060e200000, 0x000000060e200000, 0x000000060e400000|  0%| F|  |TAMS 0x000000060e200000, 0x000000060e200000| Untracked 
|  75|0x000000060e400000, 0x000000060e400000, 0x000000060e600000|  0%| F|  |TAMS 0x000000060e400000, 0x000000060e400000| Untracked 
|  76|0x000000060e600000, 0x000000060e600000, 0x000000060e800000|  0%| F|  |TAMS 0x000000060e600000, 0x000000060e600000| Untracked 
|  77|0x000000060e800000, 0x000000060e800000, 0x000000060ea00000|  0%| F|  |TAMS 0x000000060e800000, 0x000000060e800000| Untracked 
|  78|0x000000060ea00000, 0x000000060ea00000, 0x000000060ec00000|  0%| F|  |TAMS 0x000000060ea00000, 0x000000060ea00000| Untracked 
|  79|0x000000060ec00000, 0x000000060ec00000, 0x000000060ee00000|  0%| F|  |TAMS 0x000000060ec00000, 0x000000060ec00000| Untracked 
|  80|0x000000060ee00000, 0x000000060ee00000, 0x000000060f000000|  0%| F|  |TAMS 0x000000060ee00000, 0x000000060ee00000| Untracked 
|  81|0x000000060f000000, 0x000000060f000000, 0x000000060f200000|  0%| F|  |TAMS 0x000000060f000000, 0x000000060f000000| Untracked 
|  82|0x000000060f200000, 0x000000060f200000, 0x000000060f400000|  0%| F|  |TAMS 0x000000060f200000, 0x000000060f200000| Untracked 
|  83|0x000000060f400000, 0x000000060f400000, 0x000000060f600000|  0%| F|  |TAMS 0x000000060f400000, 0x000000060f400000| Untracked 
|  84|0x000000060f600000, 0x000000060f600000, 0x000000060f800000|  0%| F|  |TAMS 0x000000060f600000, 0x000000060f600000| Untracked 
|  85|0x000000060f800000, 0x000000060f800000, 0x000000060fa00000|  0%| F|  |TAMS 0x000000060f800000, 0x000000060f800000| Untracked 
|  86|0x000000060fa00000, 0x000000060fa00000, 0x000000060fc00000|  0%| F|  |TAMS 0x000000060fa00000, 0x000000060fa00000| Untracked 
|  87|0x000000060fc00000, 0x000000060fc00000, 0x000000060fe00000|  0%| F|  |TAMS 0x000000060fc00000, 0x000000060fc00000| Untracked 
|  88|0x000000060fe00000, 0x000000060fe00000, 0x0000000610000000|  0%| F|  |TAMS 0x000000060fe00000, 0x000000060fe00000| Untracked 
|  89|0x0000000610000000, 0x0000000610000000, 0x0000000610200000|  0%| F|  |TAMS 0x0000000610000000, 0x0000000610000000| Untracked 
|  90|0x0000000610200000, 0x0000000610200000, 0x0000000610400000|  0%| F|  |TAMS 0x0000000610200000, 0x0000000610200000| Untracked 
|  91|0x0000000610400000, 0x0000000610400000, 0x0000000610600000|  0%| F|  |TAMS 0x0000000610400000, 0x0000000610400000| Untracked 
|  92|0x0000000610600000, 0x0000000610600000, 0x0000000610800000|  0%| F|  |TAMS 0x0000000610600000, 0x0000000610600000| Untracked 
|  93|0x0000000610800000, 0x0000000610800000, 0x0000000610a00000|  0%| F|  |TAMS 0x0000000610800000, 0x0000000610800000| Untracked 
|  94|0x0000000610a00000, 0x0000000610a00000, 0x0000000610c00000|  0%| F|  |TAMS 0x0000000610a00000, 0x0000000610a00000| Untracked 
|  95|0x0000000610c00000, 0x0000000610c00000, 0x0000000610e00000|  0%| F|  |TAMS 0x0000000610c00000, 0x0000000610c00000| Untracked 
|  96|0x0000000610e00000, 0x0000000610e00000, 0x0000000611000000|  0%| F|  |TAMS 0x0000000610e00000, 0x0000000610e00000| Untracked 
|  97|0x0000000611000000, 0x0000000611000000, 0x0000000611200000|  0%| F|  |TAMS 0x0000000611000000, 0x0000000611000000| Untracked 
|  98|0x0000000611200000, 0x0000000611200000, 0x0000000611400000|  0%| F|  |TAMS 0x0000000611200000, 0x0000000611200000| Untracked 
|  99|0x0000000611400000, 0x0000000611400000, 0x0000000611600000|  0%| F|  |TAMS 0x0000000611400000, 0x0000000611400000| Untracked 
| 100|0x0000000611600000, 0x0000000611600000, 0x0000000611800000|  0%| F|  |TAMS 0x0000000611600000, 0x0000000611600000| Untracked 
| 101|0x0000000611800000, 0x0000000611800000, 0x0000000611a00000|  0%| F|  |TAMS 0x0000000611800000, 0x0000000611800000| Untracked 
| 102|0x0000000611a00000, 0x0000000611a00000, 0x0000000611c00000|  0%| F|  |TAMS 0x0000000611a00000, 0x0000000611a00000| Untracked 
| 103|0x0000000611c00000, 0x0000000611c00000, 0x0000000611e00000|  0%| F|  |TAMS 0x0000000611c00000, 0x0000000611c00000| Untracked 
| 104|0x0000000611e00000, 0x0000000611e00000, 0x0000000612000000|  0%| F|  |TAMS 0x0000000611e00000, 0x0000000611e00000| Untracked 
| 105|0x0000000612000000, 0x0000000612000000, 0x0000000612200000|  0%| F|  |TAMS 0x0000000612000000, 0x0000000612000000| Untracked 
| 106|0x0000000612200000, 0x0000000612200000, 0x0000000612400000|  0%| F|  |TAMS 0x0000000612200000, 0x0000000612200000| Untracked 
| 107|0x0000000612400000, 0x0000000612400000, 0x0000000612600000|  0%| F|  |TAMS 0x0000000612400000, 0x0000000612400000| Untracked 
| 108|0x0000000612600000, 0x0000000612600000, 0x0000000612800000|  0%| F|  |TAMS 0x0000000612600000, 0x0000000612600000| Untracked 
| 109|0x0000000612800000, 0x0000000612800000, 0x0000000612a00000|  0%| F|  |TAMS 0x0000000612800000, 0x0000000612800000| Untracked 
| 110|0x0000000612a00000, 0x0000000612a00000, 0x0000000612c00000|  0%| F|  |TAMS 0x0000000612a00000, 0x0000000612a00000| Untracked 
| 111|0x0000000612c00000, 0x0000000612c00000, 0x0000000612e00000|  0%| F|  |TAMS 0x0000000612c00000, 0x0000000612c00000| Untracked 
| 112|0x0000000612e00000, 0x0000000612e00000, 0x0000000613000000|  0%| F|  |TAMS 0x0000000612e00000, 0x0000000612e00000| Untracked 
| 113|0x0000000613000000, 0x0000000613000000, 0x0000000613200000|  0%| F|  |TAMS 0x0000000613000000, 0x0000000613000000| Untracked 
| 114|0x0000000613200000, 0x0000000613200000, 0x0000000613400000|  0%| F|  |TAMS 0x0000000613200000, 0x0000000613200000| Untracked 
| 115|0x0000000613400000, 0x0000000613400000, 0x0000000613600000|  0%| F|  |TAMS 0x0000000613400000, 0x0000000613400000| Untracked 
| 116|0x0000000613600000, 0x0000000613600000, 0x0000000613800000|  0%| F|  |TAMS 0x0000000613600000, 0x0000000613600000| Untracked 
| 117|0x0000000613800000, 0x0000000613800000, 0x0000000613a00000|  0%| F|  |TAMS 0x0000000613800000, 0x0000000613800000| Untracked 
| 118|0x0000000613a00000, 0x0000000613a00000, 0x0000000613c00000|  0%| F|  |TAMS 0x0000000613a00000, 0x0000000613a00000| Untracked 
| 119|0x0000000613c00000, 0x0000000613c00000, 0x0000000613e00000|  0%| F|  |TAMS 0x0000000613c00000, 0x0000000613c00000| Untracked 
| 120|0x0000000613e00000, 0x0000000613e00000, 0x0000000614000000|  0%| F|  |TAMS 0x0000000613e00000, 0x0000000613e00000| Untracked 
| 121|0x0000000614000000, 0x0000000614000000, 0x0000000614200000|  0%| F|  |TAMS 0x0000000614000000, 0x0000000614000000| Untracked 
| 122|0x0000000614200000, 0x0000000614200000, 0x0000000614400000|  0%| F|  |TAMS 0x0000000614200000, 0x0000000614200000| Untracked 
| 123|0x0000000614400000, 0x0000000614400000, 0x0000000614600000|  0%| F|  |TAMS 0x0000000614400000, 0x0000000614400000| Untracked 
| 124|0x0000000614600000, 0x0000000614600000, 0x0000000614800000|  0%| F|  |TAMS 0x0000000614600000, 0x0000000614600000| Untracked 
| 125|0x0000000614800000, 0x0000000614800000, 0x0000000614a00000|  0%| F|  |TAMS 0x0000000614800000, 0x0000000614800000| Untracked 
| 126|0x0000000614a00000, 0x0000000614a00000, 0x0000000614c00000|  0%| F|  |TAMS 0x0000000614a00000, 0x0000000614a00000| Untracked 
| 127|0x0000000614c00000, 0x0000000614c00000, 0x0000000614e00000|  0%| F|  |TAMS 0x0000000614c00000, 0x0000000614c00000| Untracked 
| 128|0x0000000614e00000, 0x0000000614e00000, 0x0000000615000000|  0%| F|  |TAMS 0x0000000614e00000, 0x0000000614e00000| Untracked 
| 129|0x0000000615000000, 0x0000000615000000, 0x0000000615200000|  0%| F|  |TAMS 0x0000000615000000, 0x0000000615000000| Untracked 
| 130|0x0000000615200000, 0x0000000615200000, 0x0000000615400000|  0%| F|  |TAMS 0x0000000615200000, 0x0000000615200000| Untracked 
| 131|0x0000000615400000, 0x0000000615400000, 0x0000000615600000|  0%| F|  |TAMS 0x0000000615400000, 0x0000000615400000| Untracked 
| 132|0x0000000615600000, 0x0000000615600000, 0x0000000615800000|  0%| F|  |TAMS 0x0000000615600000, 0x0000000615600000| Untracked 
| 133|0x0000000615800000, 0x0000000615800000, 0x0000000615a00000|  0%| F|  |TAMS 0x0000000615800000, 0x0000000615800000| Untracked 
| 134|0x0000000615a00000, 0x0000000615a00000, 0x0000000615c00000|  0%| F|  |TAMS 0x0000000615a00000, 0x0000000615a00000| Untracked 
| 135|0x0000000615c00000, 0x0000000615c00000, 0x0000000615e00000|  0%| F|  |TAMS 0x0000000615c00000, 0x0000000615c00000| Untracked 
| 136|0x0000000615e00000, 0x0000000615e00000, 0x0000000616000000|  0%| F|  |TAMS 0x0000000615e00000, 0x0000000615e00000| Untracked 
| 137|0x0000000616000000, 0x0000000616000000, 0x0000000616200000|  0%| F|  |TAMS 0x0000000616000000, 0x0000000616000000| Untracked 
| 138|0x0000000616200000, 0x0000000616200000, 0x0000000616400000|  0%| F|  |TAMS 0x0000000616200000, 0x0000000616200000| Untracked 
| 139|0x0000000616400000, 0x0000000616400000, 0x0000000616600000|  0%| F|  |TAMS 0x0000000616400000, 0x0000000616400000| Untracked 
| 140|0x0000000616600000, 0x0000000616600000, 0x0000000616800000|  0%| F|  |TAMS 0x0000000616600000, 0x0000000616600000| Untracked 
| 141|0x0000000616800000, 0x0000000616800000, 0x0000000616a00000|  0%| F|  |TAMS 0x0000000616800000, 0x0000000616800000| Untracked 
| 142|0x0000000616a00000, 0x0000000616a00000, 0x0000000616c00000|  0%| F|  |TAMS 0x0000000616a00000, 0x0000000616a00000| Untracked 
| 143|0x0000000616c00000, 0x0000000616c00000, 0x0000000616e00000|  0%| F|  |TAMS 0x0000000616c00000, 0x0000000616c00000| Untracked 
| 144|0x0000000616e00000, 0x0000000616e00000, 0x0000000617000000|  0%| F|  |TAMS 0x0000000616e00000, 0x0000000616e00000| Untracked 
| 145|0x0000000617000000, 0x0000000617000000, 0x0000000617200000|  0%| F|  |TAMS 0x0000000617000000, 0x0000000617000000| Untracked 
| 146|0x0000000617200000, 0x0000000617200000, 0x0000000617400000|  0%| F|  |TAMS 0x0000000617200000, 0x0000000617200000| Untracked 
| 147|0x0000000617400000, 0x0000000617400000, 0x0000000617600000|  0%| F|  |TAMS 0x0000000617400000, 0x0000000617400000| Untracked 
| 148|0x0000000617600000, 0x0000000617600000, 0x0000000617800000|  0%| F|  |TAMS 0x0000000617600000, 0x0000000617600000| Untracked 
| 149|0x0000000617800000, 0x0000000617800000, 0x0000000617a00000|  0%| F|  |TAMS 0x0000000617800000, 0x0000000617800000| Untracked 
| 150|0x0000000617a00000, 0x0000000617a00000, 0x0000000617c00000|  0%| F|  |TAMS 0x0000000617a00000, 0x0000000617a00000| Untracked 
| 151|0x0000000617c00000, 0x0000000617c00000, 0x0000000617e00000|  0%| F|  |TAMS 0x0000000617c00000, 0x0000000617c00000| Untracked 
| 152|0x0000000617e00000, 0x0000000617e00000, 0x0000000618000000|  0%| F|  |TAMS 0x0000000617e00000, 0x0000000617e00000| Untracked 
| 153|0x0000000618000000, 0x0000000618000000, 0x0000000618200000|  0%| F|  |TAMS 0x0000000618000000, 0x0000000618000000| Untracked 
| 154|0x0000000618200000, 0x0000000618200000, 0x0000000618400000|  0%| F|  |TAMS 0x0000000618200000, 0x0000000618200000| Untracked 
| 155|0x0000000618400000, 0x0000000618400000, 0x0000000618600000|  0%| F|  |TAMS 0x0000000618400000, 0x0000000618400000| Untracked 
| 156|0x0000000618600000, 0x0000000618600000, 0x0000000618800000|  0%| F|  |TAMS 0x0000000618600000, 0x0000000618600000| Untracked 
| 157|0x0000000618800000, 0x0000000618800000, 0x0000000618a00000|  0%| F|  |TAMS 0x0000000618800000, 0x0000000618800000| Untracked 
| 158|0x0000000618a00000, 0x0000000618a00000, 0x0000000618c00000|  0%| F|  |TAMS 0x0000000618a00000, 0x0000000618a00000| Untracked 
| 159|0x0000000618c00000, 0x0000000618c00000, 0x0000000618e00000|  0%| F|  |TAMS 0x0000000618c00000, 0x0000000618c00000| Untracked 
| 160|0x0000000618e00000, 0x0000000618e00000, 0x0000000619000000|  0%| F|  |TAMS 0x0000000618e00000, 0x0000000618e00000| Untracked 
| 161|0x0000000619000000, 0x0000000619000000, 0x0000000619200000|  0%| F|  |TAMS 0x0000000619000000, 0x0000000619000000| Untracked 
| 162|0x0000000619200000, 0x0000000619200000, 0x0000000619400000|  0%| F|  |TAMS 0x0000000619200000, 0x0000000619200000| Untracked 
| 163|0x0000000619400000, 0x0000000619400000, 0x0000000619600000|  0%| F|  |TAMS 0x0000000619400000, 0x0000000619400000| Untracked 
| 164|0x0000000619600000, 0x0000000619600000, 0x0000000619800000|  0%| F|  |TAMS 0x0000000619600000, 0x0000000619600000| Untracked 
| 165|0x0000000619800000, 0x0000000619800000, 0x0000000619a00000|  0%| F|  |TAMS 0x0000000619800000, 0x0000000619800000| Untracked 
| 166|0x0000000619a00000, 0x0000000619a00000, 0x0000000619c00000|  0%| F|  |TAMS 0x0000000619a00000, 0x0000000619a00000| Untracked 
| 167|0x0000000619c00000, 0x0000000619c00000, 0x0000000619e00000|  0%| F|  |TAMS 0x0000000619c00000, 0x0000000619c00000| Untracked 
| 168|0x0000000619e00000, 0x0000000619e00000, 0x000000061a000000|  0%| F|  |TAMS 0x0000000619e00000, 0x0000000619e00000| Untracked 
| 169|0x000000061a000000, 0x000000061a000000, 0x000000061a200000|  0%| F|  |TAMS 0x000000061a000000, 0x000000061a000000| Untracked 
| 170|0x000000061a200000, 0x000000061a200000, 0x000000061a400000|  0%| F|  |TAMS 0x000000061a200000, 0x000000061a200000| Untracked 
| 171|0x000000061a400000, 0x000000061a400000, 0x000000061a600000|  0%| F|  |TAMS 0x000000061a400000, 0x000000061a400000| Untracked 
| 172|0x000000061a600000, 0x000000061a600000, 0x000000061a800000|  0%| F|  |TAMS 0x000000061a600000, 0x000000061a600000| Untracked 
| 173|0x000000061a800000, 0x000000061a800000, 0x000000061aa00000|  0%| F|  |TAMS 0x000000061a800000, 0x000000061a800000| Untracked 
| 174|0x000000061aa00000, 0x000000061aa00000, 0x000000061ac00000|  0%| F|  |TAMS 0x000000061aa00000, 0x000000061aa00000| Untracked 
| 175|0x000000061ac00000, 0x000000061ac00000, 0x000000061ae00000|  0%| F|  |TAMS 0x000000061ac00000, 0x000000061ac00000| Untracked 
| 176|0x000000061ae00000, 0x000000061ae00000, 0x000000061b000000|  0%| F|  |TAMS 0x000000061ae00000, 0x000000061ae00000| Untracked 
| 177|0x000000061b000000, 0x000000061b000000, 0x000000061b200000|  0%| F|  |TAMS 0x000000061b000000, 0x000000061b000000| Untracked 
| 178|0x000000061b200000, 0x000000061b200000, 0x000000061b400000|  0%| F|  |TAMS 0x000000061b200000, 0x000000061b200000| Untracked 
| 179|0x000000061b400000, 0x000000061b400000, 0x000000061b600000|  0%| F|  |TAMS 0x000000061b400000, 0x000000061b400000| Untracked 
| 180|0x000000061b600000, 0x000000061b600000, 0x000000061b800000|  0%| F|  |TAMS 0x000000061b600000, 0x000000061b600000| Untracked 
| 181|0x000000061b800000, 0x000000061b800000, 0x000000061ba00000|  0%| F|  |TAMS 0x000000061b800000, 0x000000061b800000| Untracked 
| 182|0x000000061ba00000, 0x000000061ba00000, 0x000000061bc00000|  0%| F|  |TAMS 0x000000061ba00000, 0x000000061ba00000| Untracked 
| 183|0x000000061bc00000, 0x000000061bc00000, 0x000000061be00000|  0%| F|  |TAMS 0x000000061bc00000, 0x000000061bc00000| Untracked 
| 184|0x000000061be00000, 0x000000061be00000, 0x000000061c000000|  0%| F|  |TAMS 0x000000061be00000, 0x000000061be00000| Untracked 
| 185|0x000000061c000000, 0x000000061c000000, 0x000000061c200000|  0%| F|  |TAMS 0x000000061c000000, 0x000000061c000000| Untracked 
| 186|0x000000061c200000, 0x000000061c200000, 0x000000061c400000|  0%| F|  |TAMS 0x000000061c200000, 0x000000061c200000| Untracked 
| 187|0x000000061c400000, 0x000000061c400000, 0x000000061c600000|  0%| F|  |TAMS 0x000000061c400000, 0x000000061c400000| Untracked 
| 188|0x000000061c600000, 0x000000061c600000, 0x000000061c800000|  0%| F|  |TAMS 0x000000061c600000, 0x000000061c600000| Untracked 
| 189|0x000000061c800000, 0x000000061c800000, 0x000000061ca00000|  0%| F|  |TAMS 0x000000061c800000, 0x000000061c800000| Untracked 
| 190|0x000000061ca00000, 0x000000061ca00000, 0x000000061cc00000|  0%| F|  |TAMS 0x000000061ca00000, 0x000000061ca00000| Untracked 
| 191|0x000000061cc00000, 0x000000061cc00000, 0x000000061ce00000|  0%| F|  |TAMS 0x000000061cc00000, 0x000000061cc00000| Untracked 
| 192|0x000000061ce00000, 0x000000061ce00000, 0x000000061d000000|  0%| F|  |TAMS 0x000000061ce00000, 0x000000061ce00000| Untracked 
| 193|0x000000061d000000, 0x000000061d000000, 0x000000061d200000|  0%| F|  |TAMS 0x000000061d000000, 0x000000061d000000| Untracked 
| 194|0x000000061d200000, 0x000000061d200000, 0x000000061d400000|  0%| F|  |TAMS 0x000000061d200000, 0x000000061d200000| Untracked 
| 195|0x000000061d400000, 0x000000061d400000, 0x000000061d600000|  0%| F|  |TAMS 0x000000061d400000, 0x000000061d400000| Untracked 
| 196|0x000000061d600000, 0x000000061d600000, 0x000000061d800000|  0%| F|  |TAMS 0x000000061d600000, 0x000000061d600000| Untracked 
| 197|0x000000061d800000, 0x000000061d800000, 0x000000061da00000|  0%| F|  |TAMS 0x000000061d800000, 0x000000061d800000| Untracked 
| 198|0x000000061da00000, 0x000000061da00000, 0x000000061dc00000|  0%| F|  |TAMS 0x000000061da00000, 0x000000061da00000| Untracked 
| 199|0x000000061dc00000, 0x000000061dc00000, 0x000000061de00000|  0%| F|  |TAMS 0x000000061dc00000, 0x000000061dc00000| Untracked 
| 200|0x000000061de00000, 0x000000061de00000, 0x000000061e000000|  0%| F|  |TAMS 0x000000061de00000, 0x000000061de00000| Untracked 
| 201|0x000000061e000000, 0x000000061e000000, 0x000000061e200000|  0%| F|  |TAMS 0x000000061e000000, 0x000000061e000000| Untracked 
| 202|0x000000061e200000, 0x000000061e200000, 0x000000061e400000|  0%| F|  |TAMS 0x000000061e200000, 0x000000061e200000| Untracked 
| 203|0x000000061e400000, 0x000000061e400000, 0x000000061e600000|  0%| F|  |TAMS 0x000000061e400000, 0x000000061e400000| Untracked 
| 204|0x000000061e600000, 0x000000061e600000, 0x000000061e800000|  0%| F|  |TAMS 0x000000061e600000, 0x000000061e600000| Untracked 
| 205|0x000000061e800000, 0x000000061e800000, 0x000000061ea00000|  0%| F|  |TAMS 0x000000061e800000, 0x000000061e800000| Untracked 
| 206|0x000000061ea00000, 0x000000061ea00000, 0x000000061ec00000|  0%| F|  |TAMS 0x000000061ea00000, 0x000000061ea00000| Untracked 
| 207|0x000000061ec00000, 0x000000061ec00000, 0x000000061ee00000|  0%| F|  |TAMS 0x000000061ec00000, 0x000000061ec00000| Untracked 
| 208|0x000000061ee00000, 0x000000061ee00000, 0x000000061f000000|  0%| F|  |TAMS 0x000000061ee00000, 0x000000061ee00000| Untracked 
| 209|0x000000061f000000, 0x000000061f000000, 0x000000061f200000|  0%| F|  |TAMS 0x000000061f000000, 0x000000061f000000| Untracked 
| 210|0x000000061f200000, 0x000000061f200000, 0x000000061f400000|  0%| F|  |TAMS 0x000000061f200000, 0x000000061f200000| Untracked 
| 211|0x000000061f400000, 0x000000061f400000, 0x000000061f600000|  0%| F|  |TAMS 0x000000061f400000, 0x000000061f400000| Untracked 
| 212|0x000000061f600000, 0x000000061f600000, 0x000000061f800000|  0%| F|  |TAMS 0x000000061f600000, 0x000000061f600000| Untracked 
| 213|0x000000061f800000, 0x000000061f800000, 0x000000061fa00000|  0%| F|  |TAMS 0x000000061f800000, 0x000000061f800000| Untracked 
| 214|0x000000061fa00000, 0x000000061fa00000, 0x000000061fc00000|  0%| F|  |TAMS 0x000000061fa00000, 0x000000061fa00000| Untracked 
| 215|0x000000061fc00000, 0x000000061fc00000, 0x000000061fe00000|  0%| F|  |TAMS 0x000000061fc00000, 0x000000061fc00000| Untracked 
| 216|0x000000061fe00000, 0x000000061fe00000, 0x0000000620000000|  0%| F|  |TAMS 0x000000061fe00000, 0x000000061fe00000| Untracked 
| 217|0x0000000620000000, 0x0000000620000000, 0x0000000620200000|  0%| F|  |TAMS 0x0000000620000000, 0x0000000620000000| Untracked 
| 218|0x0000000620200000, 0x0000000620200000, 0x0000000620400000|  0%| F|  |TAMS 0x0000000620200000, 0x0000000620200000| Untracked 
| 219|0x0000000620400000, 0x0000000620400000, 0x0000000620600000|  0%| F|  |TAMS 0x0000000620400000, 0x0000000620400000| Untracked 
| 220|0x0000000620600000, 0x0000000620600000, 0x0000000620800000|  0%| F|  |TAMS 0x0000000620600000, 0x0000000620600000| Untracked 
| 221|0x0000000620800000, 0x0000000620800000, 0x0000000620a00000|  0%| F|  |TAMS 0x0000000620800000, 0x0000000620800000| Untracked 
| 222|0x0000000620a00000, 0x0000000620a00000, 0x0000000620c00000|  0%| F|  |TAMS 0x0000000620a00000, 0x0000000620a00000| Untracked 
| 223|0x0000000620c00000, 0x0000000620c00000, 0x0000000620e00000|  0%| F|  |TAMS 0x0000000620c00000, 0x0000000620c00000| Untracked 
| 224|0x0000000620e00000, 0x0000000620e00000, 0x0000000621000000|  0%| F|  |TAMS 0x0000000620e00000, 0x0000000620e00000| Untracked 
| 225|0x0000000621000000, 0x0000000621000000, 0x0000000621200000|  0%| F|  |TAMS 0x0000000621000000, 0x0000000621000000| Untracked 
| 226|0x0000000621200000, 0x0000000621200000, 0x0000000621400000|  0%| F|  |TAMS 0x0000000621200000, 0x0000000621200000| Untracked 
| 227|0x0000000621400000, 0x0000000621400000, 0x0000000621600000|  0%| F|  |TAMS 0x0000000621400000, 0x0000000621400000| Untracked 
| 228|0x0000000621600000, 0x0000000621600000, 0x0000000621800000|  0%| F|  |TAMS 0x0000000621600000, 0x0000000621600000| Untracked 
| 229|0x0000000621800000, 0x0000000621800000, 0x0000000621a00000|  0%| F|  |TAMS 0x0000000621800000, 0x0000000621800000| Untracked 
| 230|0x0000000621a00000, 0x0000000621a00000, 0x0000000621c00000|  0%| F|  |TAMS 0x0000000621a00000, 0x0000000621a00000| Untracked 
| 231|0x0000000621c00000, 0x0000000621c00000, 0x0000000621e00000|  0%| F|  |TAMS 0x0000000621c00000, 0x0000000621c00000| Untracked 
| 232|0x0000000621e00000, 0x0000000621e00000, 0x0000000622000000|  0%| F|  |TAMS 0x0000000621e00000, 0x0000000621e00000| Untracked 
| 233|0x0000000622000000, 0x0000000622000000, 0x0000000622200000|  0%| F|  |TAMS 0x0000000622000000, 0x0000000622000000| Untracked 
| 234|0x0000000622200000, 0x0000000622200000, 0x0000000622400000|  0%| F|  |TAMS 0x0000000622200000, 0x0000000622200000| Untracked 
| 235|0x0000000622400000, 0x0000000622400000, 0x0000000622600000|  0%| F|  |TAMS 0x0000000622400000, 0x0000000622400000| Untracked 
| 236|0x0000000622600000, 0x0000000622600000, 0x0000000622800000|  0%| F|  |TAMS 0x0000000622600000, 0x0000000622600000| Untracked 
| 237|0x0000000622800000, 0x0000000622800000, 0x0000000622a00000|  0%| F|  |TAMS 0x0000000622800000, 0x0000000622800000| Untracked 
| 238|0x0000000622a00000, 0x0000000622a00000, 0x0000000622c00000|  0%| F|  |TAMS 0x0000000622a00000, 0x0000000622a00000| Untracked 
| 239|0x0000000622c00000, 0x0000000622c00000, 0x0000000622e00000|  0%| F|  |TAMS 0x0000000622c00000, 0x0000000622c00000| Untracked 
| 240|0x0000000622e00000, 0x0000000623000000, 0x0000000623000000|100%| S|CS|TAMS 0x0000000622e00000, 0x0000000622e00000| Complete 
| 241|0x0000000623000000, 0x0000000623200000, 0x0000000623200000|100%| S|CS|TAMS 0x0000000623000000, 0x0000000623000000| Complete 
| 242|0x0000000623200000, 0x0000000623200000, 0x0000000623400000|  0%| F|  |TAMS 0x0000000623200000, 0x0000000623200000| Untracked 
| 243|0x0000000623400000, 0x0000000623400000, 0x0000000623600000|  0%| F|  |TAMS 0x0000000623400000, 0x0000000623400000| Untracked 
| 244|0x0000000623600000, 0x0000000623600000, 0x0000000623800000|  0%| F|  |TAMS 0x0000000623600000, 0x0000000623600000| Untracked 
| 245|0x0000000623800000, 0x000000062392af38, 0x0000000623a00000| 58%| E|  |TAMS 0x0000000623800000, 0x0000000623800000| Complete 
| 246|0x0000000623a00000, 0x0000000623c00000, 0x0000000623c00000|100%| E|CS|TAMS 0x0000000623a00000, 0x0000000623a00000| Complete 
| 247|0x0000000623c00000, 0x0000000623e00000, 0x0000000623e00000|100%| E|CS|TAMS 0x0000000623c00000, 0x0000000623c00000| Complete 
| 248|0x0000000623e00000, 0x0000000624000000, 0x0000000624000000|100%| E|CS|TAMS 0x0000000623e00000, 0x0000000623e00000| Complete 
| 249|0x0000000624000000, 0x0000000624200000, 0x0000000624200000|100%| E|CS|TAMS 0x0000000624000000, 0x0000000624000000| Complete 
| 250|0x0000000624200000, 0x0000000624400000, 0x0000000624400000|100%| E|CS|TAMS 0x0000000624200000, 0x0000000624200000| Complete 
| 251|0x0000000624400000, 0x0000000624600000, 0x0000000624600000|100%| E|CS|TAMS 0x0000000624400000, 0x0000000624400000| Complete 
| 252|0x0000000624600000, 0x0000000624800000, 0x0000000624800000|100%| E|CS|TAMS 0x0000000624600000, 0x0000000624600000| Complete 
| 253|0x0000000624800000, 0x0000000624a00000, 0x0000000624a00000|100%| E|CS|TAMS 0x0000000624800000, 0x0000000624800000| Complete 

Card table byte_map: [0x0000020df5d40000,0x0000020df6d20000] _byte_map_base: 0x0000020df2d19000

Marking Bits (Prev, Next): (CMBitMap*) 0x0000020debb1a378, (CMBitMap*) 0x0000020debb1a3b0
 Prev Bits: [0x0000020df7d00000, 0x0000020dffbc8000)
 Next Bits: [0x0000020d8f000000, 0x0000020d96ec8000)

Polling page: 0x0000020dea050000

Metaspace:

Usage:
  Non-class:     11.81 MB capacity,    11.55 MB ( 98%) used,   234.55 KB (  2%) free+waste,    32.94 KB ( <1%) overhead. 
      Class:      1.48 MB capacity,     1.37 MB ( 93%) used,    94.66 KB (  6%) free+waste,    15.81 KB (  1%) overhead. 
       Both:     13.29 MB capacity,    12.92 MB ( 97%) used,   329.21 KB (  2%) free+waste,    48.75 KB ( <1%) overhead. 

Virtual space:
  Non-class space:       12.00 MB reserved,      12.00 MB (100%) committed 
      Class space:        1.00 GB reserved,       1.50 MB ( <1%) committed 
             Both:        1.01 GB reserved,      13.50 MB (  1%) committed 

Chunk freelists:
   Non-Class:  0 bytes
       Class:  2.88 KB
        Both:  2.88 KB

CodeHeap 'non-profiled nmethods': size=233856Kb used=1960Kb max_used=1960Kb free=231895Kb
 bounds [0x0000020d80ba0000, 0x0000020d80e10000, 0x0000020d8f000000]
CodeHeap 'non-nmethods': size=11904Kb used=2874Kb max_used=2874Kb free=9029Kb
 bounds [0x0000020d80000000, 0x0000020d802d0000, 0x0000020d80ba0000]
 total_blobs=1672 nmethods=1258 adapters=329
 compilation: enabled
              stopped_count=0, restarted_count=0
 full_count=0

Compilation events (10 events):
Event: 0.595 Thread 0x0000020d9a836800 nmethod 1252 0x0000020d80d86d10 code [0x0000020d80d86ec0, 0x0000020d80d86fd8]
Event: 0.595 Thread 0x0000020d9a837800 1253       1       jdk.internal.loader.BuiltinClassLoader::hasClassPath (13 bytes)
Event: 0.596 Thread 0x0000020d9a837800 nmethod 1253 0x0000020d80d87090 code [0x0000020d80d87240, 0x0000020d80d87378]
Event: 0.596 Thread 0x0000020d9a66e000 nmethod 1251 0x0000020d80d87410 code [0x0000020d80d876a0, 0x0000020d80d88110]
Event: 0.596 Thread 0x0000020d9a836800 1254       1       java.lang.String::concat (116 bytes)
Event: 0.596 Thread 0x0000020d9a836800 nmethod 1254 0x0000020d80d88890 code [0x0000020d80d88aa0, 0x0000020d80d890d0]
Event: 0.598 Thread 0x0000020d9a835800 1255       1       java.util.jar.Attributes::getValue (9 bytes)
Event: 0.598 Thread 0x0000020d9a66e000 1256       1       java.util.jar.Attributes::get (11 bytes)
Event: 0.598 Thread 0x0000020d9a66e000 nmethod 1256 0x0000020d80d89390 code [0x0000020d80d89540, 0x0000020d80d896b0]
Event: 0.598 Thread 0x0000020d9a835800 nmethod 1255 0x0000020d80d89710 code [0x0000020d80d898c0, 0x0000020d80d89a50]

GC Heap History (2 events):
Event: 0.327 GC heap before
{Heap before GC invocations=0 (full 0):
 garbage-first heap   total 520192K, used 22528K [0x0000000604e00000, 0x0000000800000000)
  region size 2048K, 12 young (24576K), 0 survivors (0K)
 Metaspace       used 8219K, capacity 8340K, committed 8576K, reserved 1056768K
  class space    used 789K, capacity 843K, committed 896K, reserved 1048576K
}
Event: 0.331 GC heap after
{Heap after GC invocations=1 (full 0):
 garbage-first heap   total 520192K, used 13821K [0x0000000604e00000, 0x0000000800000000)
  region size 2048K, 2 young (4096K), 2 survivors (4096K)
 Metaspace       used 8219K, capacity 8340K, committed 8576K, reserved 1056768K
  class space    used 789K, capacity 843K, committed 896K, reserved 1048576K
}

Deoptimization events (0 events):
No events

Classes redefined (0 events):
No events

Internal exceptions (10 events):
Event: 0.389 Thread 0x0000020deba90800 Exception <a 'java/lang/NoSuchMethodError'{0x0000000624766d08}: java.lang.invoke.DirectMethodHandle$Holder.invokeStatic(Ljava/lang/Object;IIII)Ljava/lang/Object;> (0x0000000624766d08) thrown at [t:/workspace/open/src/hotspot/share/interpreter/linkResolver
Event: 0.389 Thread 0x0000020deba90800 Exception <a 'java/lang/NoSuchMethodError'{0x0000000624769e20}: java.lang.invoke.DirectMethodHandle$Holder.invokeStaticInit(Ljava/lang/Object;IIII)Ljava/lang/Object;> (0x0000000624769e20) thrown at [t:/workspace/open/src/hotspot/share/interpreter/linkReso
Event: 0.507 Thread 0x0000020deba90800 Exception <a 'java/lang/NoSuchMethodError'{0x00000006244278a0}: java.lang.invoke.DirectMethodHandle$Holder.invokeStatic(Ljava/lang/Object;Ljava/lang/Object;IIII)Ljava/lang/Object;> (0x00000006244278a0) thrown at [t:/workspace/open/src/hotspot/share/interp
Event: 0.507 Thread 0x0000020deba90800 Exception <a 'java/lang/NoSuchMethodError'{0x000000062442abe8}: java.lang.invoke.DirectMethodHandle$Holder.invokeStaticInit(Ljava/lang/Object;Ljava/lang/Object;IIII)Ljava/lang/Object;> (0x000000062442abe8) thrown at [t:/workspace/open/src/hotspot/share/in
Event: 0.513 Thread 0x0000020deba90800 Exception <a 'java/lang/ClassNotFoundException'{0x0000000624448400}: javax/management/remote/rmi/RMIServerImpl_Skel> (0x0000000624448400) thrown at [t:/workspace/open/src/hotspot/share/classfile/systemDictionary.cpp, line 231]
Event: 0.532 Thread 0x0000020deba90800 Exception <a 'java/lang/ClassNotFoundException'{0x0000000624507b88}: jdk/internal/agent/resources/spi/agentProvider> (0x0000000624507b88) thrown at [t:/workspace/open/src/hotspot/share/classfile/systemDictionary.cpp, line 231]
Event: 0.535 Thread 0x0000020deba90800 Exception <a 'java/lang/NoSuchMethodError'{0x000000062455d870}: java.lang.invoke.DirectMethodHandle$Holder.invokeStatic(Ljava/lang/Object;Ljava/lang/Object;Ljava/lang/Object;Ljava/lang/Object;Ljava/lang/Object;Ljava/lang/Object;Ljava/lang/Object;Ljava/lan
Event: 0.536 Thread 0x0000020deba90800 Exception <a 'java/lang/NoSuchMethodError'{0x000000062456a090}: java.lang.invoke.DirectMethodHandle$Holder.invokeStatic(Ljava/lang/Object;Ljava/lang/Object;Ljava/lang/Object;Ljava/lang/Object;Ljava/lang/Object;Ljava/lang/Object;Ljava/lang/Object;Ljava/lan
Event: 0.562 Thread 0x0000020deba90800 Exception <a 'java/lang/NoSuchMethodError'{0x00000006240bc4c8}: java.lang.invoke.DirectMethodHandle$Holder.invokeSpecial(Ljava/lang/Object;Ljava/lang/Object;Ljava/lang/Object;Ljava/lang/Object;Ljava/lang/Object;)V> (0x00000006240bc4c8) thrown at [t:/works
Event: 0.579 Thread 0x0000020deba90800 Exception <a 'java/lang/NoSuchMethodError'{0x0000000623efaa98}: java.lang.invoke.DirectMethodHandle$Holder.invokeStaticInit(Ljava/lang/Object;Ljava/lang/Object;)I> (0x0000000623efaa98) thrown at [t:/workspace/open/src/hotspot/share/interpreter/linkResolve

Events (10 events):
Event: 0.597 loading class org/apache/logging/log4j/core/lookup/LowerLookup
Event: 0.597 loading class org/apache/logging/log4j/core/lookup/LowerLookup done
Event: 0.597 loading class org/apache/logging/log4j/core/lookup/UpperLookup
Event: 0.597 loading class org/apache/logging/log4j/core/lookup/UpperLookup done
Event: 0.597 loading class org/apache/logging/log4j/core/net/JndiManager
Event: 0.597 loading class org/apache/logging/log4j/core/net/JndiManager done
Event: 0.598 loading class org/apache/logging/log4j/core/appender/AbstractManager
Event: 0.598 loading class org/apache/logging/log4j/core/appender/AbstractManager done
Event: 0.598 loading class org/apache/logging/log4j/core/net/JndiManager$JndiManagerFactory
Event: 0.598 loading class org/apache/logging/log4j/core/net/JndiManager$JndiManagerFactory done


Dynamic libraries:
0x00007ff6f2e90000 - 0x00007ff6f2ed5000 	C:\sdk\jdk\jdk-11.0.2\bin\javaw.exe
0x00007ff81c070000 - 0x00007ff81c287000 	C:\Windows\SYSTEM32\ntdll.dll
0x00007ff819da0000 - 0x00007ff819e64000 	C:\Windows\System32\KERNEL32.DLL
0x00007ff8194b0000 - 0x00007ff819857000 	C:\Windows\System32\KERNELBASE.dll
0x00007ff81be60000 - 0x00007ff81c00e000 	C:\Windows\System32\USER32.dll
0x00007ff819900000 - 0x00007ff819926000 	C:\Windows\System32\win32u.dll
0x00007ff81ae80000 - 0x00007ff81aea9000 	C:\Windows\System32\GDI32.dll
0x00007ff819b10000 - 0x00007ff819c29000 	C:\Windows\System32\gdi32full.dll
0x00007ff819860000 - 0x00007ff8198fa000 	C:\Windows\System32\msvcp_win.dll
0x00007ff819390000 - 0x00007ff8194a1000 	C:\Windows\System32\ucrtbase.dll
0x00007ff808aa0000 - 0x00007ff808d33000 	C:\Windows\WinSxS\amd64_microsoft.windows.common-controls_6595b64144ccf1df_6.0.22621.3527_none_270e469b73872a76\COMCTL32.dll
0x00007ff81b420000 - 0x00007ff81b4c7000 	C:\Windows\System32\msvcrt.dll
0x00007ff81b920000 - 0x00007ff81b951000 	C:\Windows\System32\IMM32.DLL
0x00007ff80a1c0000 - 0x00007ff80a1d6000 	C:\sdk\jdk\jdk-11.0.2\bin\vcruntime140.dll
0x00007fffb3a10000 - 0x00007fffb3aba000 	C:\sdk\jdk\jdk-11.0.2\bin\msvcp140.dll
0x00007fff78fc0000 - 0x00007fff79ae3000 	C:\sdk\jdk\jdk-11.0.2\bin\server\jvm.dll
0x00007ff81a030000 - 0x00007ff81a0e2000 	C:\Windows\System32\ADVAPI32.dll
0x00007ff81b7c0000 - 0x00007ff81b868000 	C:\Windows\System32\sechost.dll
0x00007ff8199a0000 - 0x00007ff8199c8000 	C:\Windows\System32\bcrypt.dll
0x00007ff81b6a0000 - 0x00007ff81b7b5000 	C:\Windows\System32\RPCRT4.dll
0x00007ff81b4d0000 - 0x00007ff81b4d8000 	C:\Windows\System32\PSAPI.DLL
0x00007ff80a0a0000 - 0x00007ff80a0a9000 	C:\Windows\SYSTEM32\WSOCK32.dll
0x00007ff80d350000 - 0x00007ff80d35a000 	C:\Windows\SYSTEM32\VERSION.dll
0x00007ff81b3a0000 - 0x00007ff81b411000 	C:\Windows\System32\WS2_32.dll
0x00007ff813990000 - 0x00007ff8139c4000 	C:\Windows\SYSTEM32\WINMM.dll
0x00007ff8184a0000 - 0x00007ff8184b8000 	C:\Windows\SYSTEM32\kernel.appcore.dll
0x00007ffff4c10000 - 0x00007ffff4c21000 	C:\sdk\jdk\jdk-11.0.2\bin\verify.dll
0x00007ff816f20000 - 0x00007ff817152000 	C:\Windows\SYSTEM32\DBGHELP.DLL
0x00007ff81b960000 - 0x00007ff81bce8000 	C:\Windows\System32\combase.dll
0x00007ff819ef0000 - 0x00007ff819fc7000 	C:\Windows\System32\OLEAUT32.dll
0x00007ff8139d0000 - 0x00007ff813a02000 	C:\Windows\SYSTEM32\dbgcore.DLL
0x00007ff819a90000 - 0x00007ff819b09000 	C:\Windows\System32\bcryptPrimitives.dll
0x00007ffff1140000 - 0x00007ffff1168000 	C:\sdk\jdk\jdk-11.0.2\bin\java.dll
0x00007fffbd0c0000 - 0x00007fffbd0f7000 	C:\sdk\jdk\jdk-11.0.2\bin\jdwp.dll
0x00007ffff1600000 - 0x00007ffff1616000 	C:\sdk\jdk\jdk-11.0.2\bin\zip.dll
0x00007ff8054a0000 - 0x00007ff8054aa000 	C:\sdk\jdk\jdk-11.0.2\bin\jimage.dll
0x00007ff81a5b0000 - 0x00007ff81ae0c000 	C:\Windows\System32\SHELL32.dll
0x00007ff8172e0000 - 0x00007ff817bd6000 	C:\Windows\SYSTEM32\windows.storage.dll
0x00007ff8171a0000 - 0x00007ff8172de000 	C:\Windows\SYSTEM32\wintypes.dll
0x00007ff81bd50000 - 0x00007ff81be45000 	C:\Windows\System32\SHCORE.dll
0x00007ff81bcf0000 - 0x00007ff81bd4e000 	C:\Windows\System32\shlwapi.dll
0x00007ff8192c0000 - 0x00007ff8192e1000 	C:\Windows\SYSTEM32\profapi.dll
0x00007ffff20e0000 - 0x00007ffff20ea000 	C:\sdk\jdk\jdk-11.0.2\bin\dt_socket.dll
0x00007ff818910000 - 0x00007ff818979000 	C:\Windows\System32\mswsock.dll
0x00007ff817ee0000 - 0x00007ff817fd8000 	C:\Windows\SYSTEM32\DNSAPI.dll
0x00007ff817eb0000 - 0x00007ff817edd000 	C:\Windows\SYSTEM32\IPHLPAPI.DLL
0x00007ff81af10000 - 0x00007ff81af19000 	C:\Windows\System32\NSI.dll
0x00007ff80ea70000 - 0x00007ff80eaf3000 	C:\Windows\System32\fwpuclnt.dll
0x00007ff80f180000 - 0x00007ff80f18a000 	C:\Windows\System32\rasadhlp.dll
0x00007ffff09f0000 - 0x00007ffff0a09000 	C:\sdk\jdk\jdk-11.0.2\bin\net.dll
0x00007ff808590000 - 0x00007ff808780000 	C:\Windows\SYSTEM32\urlmon.dll
0x00007ff8108f0000 - 0x00007ff810a26000 	C:\Windows\SYSTEM32\WINHTTP.dll
0x00007ff8080d0000 - 0x00007ff80838e000 	C:\Windows\SYSTEM32\iertutil.dll
0x00007ff8080a0000 - 0x00007ff8080c8000 	C:\Windows\SYSTEM32\srvcli.dll
0x00007ff817ea0000 - 0x00007ff817eac000 	C:\Windows\SYSTEM32\netutils.dll
0x00007ffff0970000 - 0x00007ffff0983000 	C:\sdk\jdk\jdk-11.0.2\bin\nio.dll
0x00007ff803d70000 - 0x00007ff803d79000 	C:\sdk\jdk\jdk-11.0.2\bin\management.dll
0x00007ff802220000 - 0x00007ff80222c000 	C:\sdk\jdk\jdk-11.0.2\bin\management_ext.dll
0x00007ff80bb50000 - 0x00007ff80bb67000 	C:\Windows\system32\napinsp.dll
0x00007ff80bb30000 - 0x00007ff80bb4b000 	C:\Windows\system32\pnrpnsp.dll
0x00007ff80bb10000 - 0x00007ff80bb21000 	C:\Windows\System32\winrnr.dll
0x00007ff80ebd0000 - 0x00007ff80ebe5000 	C:\Windows\system32\wshbth.dll
0x00007ff80bae0000 - 0x00007ff80bb07000 	C:\Windows\system32\nlansp_c.dll
0x00007ff818b70000 - 0x00007ff818b8b000 	C:\Windows\SYSTEM32\CRYPTSP.dll
0x00007ff818400000 - 0x00007ff818435000 	C:\Windows\system32\rsaenh.dll
0x00007ff818a10000 - 0x00007ff818a38000 	C:\Windows\SYSTEM32\USERENV.dll
0x00007ff818b90000 - 0x00007ff818b9c000 	C:\Windows\SYSTEM32\CRYPTBASE.dll
0x00007ff8100a0000 - 0x00007ff8100b9000 	C:\Windows\SYSTEM32\dhcpcsvc6.DLL
0x00007ff810080000 - 0x00007ff81009f000 	C:\Windows\SYSTEM32\dhcpcsvc.DLL

dbghelp: loaded successfully - version: 4.0.5 - missing functions: none
symbol engine: initialized successfully - sym options: 0x614 - pdb path: .;C:\sdk\jdk\jdk-11.0.2\bin;C:\Windows\SYSTEM32;C:\Windows\WinSxS\amd64_microsoft.windows.common-controls_6595b64144ccf1df_6.0.22621.3527_none_270e469b73872a76;C:\sdk\jdk\jdk-11.0.2\bin\server

VM Arguments:
jvm_args: -agentlib:jdwp=transport=dt_socket,suspend=y,address=localhost:59195 -Dcom.sun.management.jmxremote -Dcom.sun.management.jmxremote.port=59193 -Dcom.sun.management.jmxremote.authenticate=false -Dcom.sun.management.jmxremote.ssl=false -Djava.rmi.server.hostname=localhost -Dspring.application.admin.enabled=true -Xverify:none -XX:TieredStopAtLevel=1 -Dfile.encoding=UTF-8 
java_command: kr.co.igns.IgnsApplication --spring.profiles.active=dev --spring.output.ansi.enabled=always
java_class_path (initial): C:\worksaceIgns\fems_cloud\fems_backend\bin\main;C:\Users\iljoogns\.gradle\caches\modules-2\files-2.1\commons-dbcp\commons-dbcp\1.4\30be73c965cc990b153a100aaaaafcf239f82d39\commons-dbcp-1.4.jar;C:\Users\iljoogns\.gradle\caches\modules-2\files-2.1\org.springframework.boot\spring-boot-starter-thymeleaf\2.7.7\5d80dd18f2f1945e3dc568fa30ac106e329a4bde\spring-boot-starter-thymeleaf-2.7.7.jar;C:\Users\iljoogns\.gradle\caches\modules-2\files-2.1\com.google.firebase\firebase-admin\9.1.1\ed4c3d54dc08904aed7308a0c9aca5c9a51e9802\firebase-admin-9.1.1.jar;C:\Users\iljoogns\.gradle\caches\modules-2\files-2.1\com.google.cloud\google-cloud-storage\2.14.0\80e00faccaa8ada82661edbc06ed17cd1e01d128\google-cloud-storage-2.14.0.jar;C:\Users\iljoogns\.gradle\caches\modules-2\files-2.1\com.google.cloud\google-cloud-firestore\3.7.0\3043370c68dac34bd58e419bbbf6267424e3baa2\google-cloud-firestore-3.7.0.jar;C:\Users\iljoogns\.gradle\caches\modules-2\files-2.1\com.google.api.grpc\proto-google-cloud-firestore-v1\3.7.0\e3cb227472c14180570dcb3379f21b2c1f8267c7\proto-google-cloud-firestore-v1-3.7.0.jar;C:\Users\iljoogns\.gradle\caches\modules-2\files-2.1\com.google.cloud\proto-google-cloud-firestore-bundle-v1\3.7.0\e61a48ab3394826bdd4057b891d3def3ebba8810\proto-google-cloud-firestore-bundle-v1-3.7.0.jar;C:\Users\iljoogns\.gradle\caches\modules-2\files-2.1\javax.annotation\javax.annotation-api\1.3.2\934c04d3cfef185a8008e7bf34331b79730a9d43\javax.annotation-api-1.3.2.jar;C:\Users\iljoogns\.gradle\caches\modules-2\files-2.1\org.springframework.boot\spring-boot-starter-data-jpa\2.7.7\bc28a10c4fc39f01e9233db84f132eb4b8c53390\spring-boot-starter-data-jpa-2.7.7.jar;C:\Users\iljoogns\.gradle\caches\modules-2\files-2.1\org.springframework.boot\spring-boot-starter-websocket\2.7.7\3dc05ae0c45c6cc8631b8e5dbe9eda7aeb122ee2\spring-boot-starter-websocket-2.7.7.jar;C:\Users\iljoogns\.gradle\caches\modules-2\files-2.1\org.springframework.boot\spring-boot-starter-web\2.7.7\b551cc70136739
Launcher Type: SUN_STANDARD

[Global flags]
     bool BytecodeVerificationLocal                = false                                     {product} {command line}
     bool BytecodeVerificationRemote               = false                                     {product} {command line}
     intx CICompilerCount                          = 12                                        {product} {ergonomic}
     uint ConcGCThreads                            = 3                                         {product} {ergonomic}
     uint G1ConcRefinementThreads                  = 13                                        {product} {ergonomic}
   size_t G1HeapRegionSize                         = 2097152                                   {product} {ergonomic}
    uintx GCDrainStackTargetSize                   = 64                                        {product} {ergonomic}
   size_t InitialHeapSize                          = 532676608                                 {product} {ergonomic}
     bool ManagementServer                         = true                                      {product} {command line}
   size_t MarkStackSize                            = 4194304                                   {product} {ergonomic}
   size_t MaxHeapSize                              = 8508145664                                {product} {ergonomic}
   size_t MaxNewSize                               = 5104467968                                {product} {ergonomic}
   size_t MinHeapDeltaBytes                        = 2097152                                   {product} {ergonomic}
    uintx NonNMethodCodeHeapSize                   = 12163472                               {pd product} {ergonomic}
    uintx NonProfiledCodeHeapSize                  = 239494768                              {pd product} {ergonomic}
    uintx ProfiledCodeHeapSize                     = 0                                      {pd product} {ergonomic}
    uintx ReservedCodeCacheSize                    = 251658240                              {pd product} {ergonomic}
     bool SegmentedCodeCache                       = true                                      {product} {ergonomic}
     intx TieredStopAtLevel                        = 1                                         {product} {command line}
     bool UseCompressedClassPointers               = true                                 {lp64_product} {ergonomic}
     bool UseCompressedOops                        = true                                 {lp64_product} {ergonomic}
     bool UseG1GC                                  = true                                      {product} {ergonomic}
     bool UseLargePagesIndividualAllocation        = false                                  {pd product} {ergonomic}

Logging:
Log output configuration:
 #0: stdout all=warning uptime,level,tags
 #1: stderr all=off uptime,level,tags

Environment Variables:
JAVA_HOME=C:\sdk\jdk\jdk-11.0.2
PATH=C:\Windows\system32;C:\Windows;C:\Windows\System32\Wbem;C:\Windows\System32\WindowsPowerShell\v1.0\;C:\Windows\System32\OpenSSH\;C:\Program Files\Bandizip\;C:\Program Files\dotnet\;C:\Program Files\Git\cmd;C:\Users\iljoogns\AppData\Local\Android\Sdk\platform-tools;C:\sdk\VSCode;C:\sdk\jdk\jdk-11.0.2\bin;C:\Program Files\nodejs20\;C:\Users\iljoogns\AppData\Local\Microsoft\WindowsApps;C:\sdk\jdk\jdk-11.0.2\bin;C:\sdk\flutter_3.19.5\bin;C:\Users\iljoogns\AppData\Roaming\npm
USERNAME=iljoogns
OS=Windows_NT
PROCESSOR_IDENTIFIER=Intel64 Family 6 Model 154 Stepping 3, GenuineIntel



---------------  S Y S T E M  ---------------

OS: Windows 10 , 64 bit Build 22621 (10.0.22621.3527)

CPU:total 16 (initial active 16) (8 cores per cpu, 2 threads per core) family 6 model 154 stepping 3, cmov, cx8, fxsr, mmx, sse, sse2, sse3, ssse3, sse4.1, sse4.2, popcnt, avx, avx2, aes, clmul, erms, 3dnowpref, lzcnt, ht, tsc, tscinvbit, bmi1, bmi2, adx, sha, fma

Memory: 4k page, system-wide physical 32450M (7330M free)
TotalPageFile size 51767M (AvailPageFile size 8189M)
current process WorkingSet (physical memory assigned to process): 107M, peak: 107M
current process commit charge ("private bytes"): 635M, peak: 635M

vm_info: OpenJDK 64-Bit Server VM (11.0.2+9) for windows-amd64 JRE (11.0.2+9), built on Jan 18 2019 05:23:22 by "mach5one" with MS VC++ 15.5 (VS2017)

END.
